2024-09-21 15:03:49,989 - INFO - Tablas eliminadas correctamente de la base de datos de exportación.
2024-09-21 15:03:50,032 - INFO - Migración completada: 5 filas transferidas a 'radiusexport.anime'.
2024-09-21 15:03:50,073 - INFO - Migración completada: 5 filas transferidas a 'radiusexport.studio'.
2024-09-21 15:03:50,118 - INFO - Migración completada: 5 filas transferidas a 'radiusexport.anime_studio'.
2024-09-21 15:03:50,118 - INFO - Tiempo total de ejecución: 0.16 segundos
2024-09-21 15:08:30,349 - INFO - Tablas eliminadas correctamente de la base de datos de exportación.
2024-09-21 15:08:30,392 - INFO - Migrados 5 registros para 'anime'
2024-09-21 15:08:30,393 - INFO - Migración completada para 'anime' con un total de 5 registros.
2024-09-21 15:08:30,437 - INFO - Migrados 5 registros para 'studio'
2024-09-21 15:08:30,438 - INFO - Migración completada para 'studio' con un total de 5 registros.
2024-09-21 15:08:30,486 - INFO - Migrados 5 registros para 'anime_studio'
2024-09-21 15:08:30,487 - INFO - Migración completada para 'anime_studio' con un total de 5 registros.
2024-09-21 15:08:30,488 - INFO - Tiempo total de ejecución: 0.17 segundos
2024-09-21 15:11:28,003 - INFO - Tablas eliminadas correctamente de la base de datos de exportación.
2024-09-21 15:11:28,069 - INFO - Migrados 5 registros para 'anime'
2024-09-21 15:11:28,070 - INFO - Migración completada para 'anime' con un total de 5 registros.
2024-09-21 15:11:28,128 - INFO - Migrados 5 registros para 'studio'
2024-09-21 15:11:28,129 - INFO - Migración completada para 'studio' con un total de 5 registros.
2024-09-21 15:11:28,193 - INFO - Migrados 5 registros para 'anime_studio'
2024-09-21 15:11:28,194 - INFO - Migración completada para 'anime_studio' con un total de 5 registros.
2024-09-21 15:11:28,194 - INFO - Tiempo total de ejecución: 0.22 segundos
2024-09-21 15:11:29,893 - INFO - Tablas eliminadas correctamente de la base de datos de exportación.
2024-09-21 15:11:29,947 - INFO - Migrados 5 registros para 'anime'
2024-09-21 15:11:29,948 - INFO - Migración completada para 'anime' con un total de 5 registros.
2024-09-21 15:11:30,029 - INFO - Migrados 5 registros para 'studio'
2024-09-21 15:11:30,030 - INFO - Migración completada para 'studio' con un total de 5 registros.
2024-09-21 15:11:30,076 - INFO - Migrados 5 registros para 'anime_studio'
2024-09-21 15:11:30,077 - INFO - Migración completada para 'anime_studio' con un total de 5 registros.
2024-09-21 15:11:30,078 - INFO - Tiempo total de ejecución: 0.21 segundos
2024-09-21 15:11:31,117 - INFO - Tablas eliminadas correctamente de la base de datos de exportación.
2024-09-21 15:11:31,183 - INFO - Migrados 5 registros para 'anime'
2024-09-21 15:11:31,184 - INFO - Migración completada para 'anime' con un total de 5 registros.
2024-09-21 15:11:31,251 - INFO - Migrados 5 registros para 'studio'
2024-09-21 15:11:31,252 - INFO - Migración completada para 'studio' con un total de 5 registros.
2024-09-21 15:11:31,304 - INFO - Migrados 5 registros para 'anime_studio'
2024-09-21 15:11:31,305 - INFO - Migración completada para 'anime_studio' con un total de 5 registros.
2024-09-21 15:11:31,305 - INFO - Tiempo total de ejecución: 0.22 segundos
2024-09-21 15:11:32,896 - INFO - Tablas eliminadas correctamente de la base de datos de exportación.
2024-09-21 15:11:32,967 - INFO - Migrados 5 registros para 'anime'
2024-09-21 15:11:32,968 - INFO - Migración completada para 'anime' con un total de 5 registros.
2024-09-21 15:11:33,013 - INFO - Migrados 5 registros para 'studio'
2024-09-21 15:11:33,014 - INFO - Migración completada para 'studio' con un total de 5 registros.
2024-09-21 15:11:33,096 - INFO - Migrados 5 registros para 'anime_studio'
2024-09-21 15:11:33,098 - INFO - Migración completada para 'anime_studio' con un total de 5 registros.
2024-09-21 15:11:33,099 - INFO - Tiempo total de ejecución: 0.23 segundos
2024-09-21 15:21:16,786 - INFO - Tablas eliminadas correctamente de la base de datos de exportación.
2024-09-21 15:21:16,840 - INFO - Migrados 5 registros para 'anime'
2024-09-21 15:21:16,841 - INFO - Migración completada para 'anime' con un total de 5 registros.
2024-09-21 15:21:16,882 - INFO - Migrados 5 registros para 'studio'
2024-09-21 15:21:16,883 - INFO - Migración completada para 'studio' con un total de 5 registros.
2024-09-21 15:21:16,976 - INFO - Migrados 5 registros para 'anime_studio'
2024-09-21 15:21:16,977 - INFO - Migración completada para 'anime_studio' con un total de 5 registros.
2024-09-21 15:21:16,977 - INFO - Tiempo total de ejecución: 0.22 segundos
2024-09-21 15:21:29,322 - INFO - Tablas eliminadas correctamente de la base de datos de exportación.
2024-09-21 15:21:29,384 - INFO - Migrados 5 registros para 'anime'
2024-09-21 15:21:29,385 - INFO - Migración completada para 'anime' con un total de 5 registros.
2024-09-21 15:21:29,444 - INFO - Migrados 5 registros para 'studio'
2024-09-21 15:21:29,445 - INFO - Migración completada para 'studio' con un total de 5 registros.
2024-09-21 15:21:29,513 - INFO - Migrados 5 registros para 'anime_studio'
2024-09-21 15:21:29,514 - INFO - Migración completada para 'anime_studio' con un total de 5 registros.
2024-09-21 15:21:29,515 - INFO - Tiempo total de ejecución: 0.24 segundos
2024-09-21 15:25:05,370 - INFO - Tablas eliminadas correctamente de la base de datos de exportación.
2024-09-21 15:25:05,438 - INFO - Migrados 5 registros para 'anime'
2024-09-21 15:25:05,438 - INFO - Migración completada para 'anime' con un total de 5 registros.
2024-09-21 15:25:05,503 - INFO - Migrados 5 registros para 'studio'
2024-09-21 15:25:05,504 - INFO - Migración completada para 'studio' con un total de 5 registros.
2024-09-21 15:25:05,567 - INFO - Migrados 5 registros para 'anime_studio'
2024-09-21 15:25:05,568 - INFO - Migración completada para 'anime_studio' con un total de 5 registros.
2024-09-21 15:25:05,569 - INFO - Tiempo total de ejecución: 0.23 segundos
2024-09-21 15:26:04,208 - INFO - Tablas eliminadas correctamente de la base de datos de exportación.
2024-09-21 15:26:04,251 - INFO - Migrados 5 registros para 'anime'
2024-09-21 15:26:04,252 - INFO - Migración completada para 'anime' con un total de 5 registros.
2024-09-21 15:26:04,295 - INFO - Migrados 5 registros para 'studio'
2024-09-21 15:26:04,296 - INFO - Migración completada para 'studio' con un total de 5 registros.
2024-09-21 15:26:04,343 - INFO - Migrados 5 registros para 'anime_studio'
2024-09-21 15:26:04,344 - INFO - Migración completada para 'anime_studio' con un total de 5 registros.
2024-09-21 15:26:04,345 - INFO - Tiempo total de ejecución: 0.17 segundos
